TN:
SF:src/App.ts
FN:18,(anonymous_1)
FN:25,(anonymous_2)
FN:26,(anonymous_3)
FN:50,(anonymous_4)
FN:59,(anonymous_5)
FN:76,(anonymous_6)
FN:86,(anonymous_7)
FN:93,(anonymous_8)
FNF:8
FNH:1
FNDA:3,(anonymous_1)
FNDA:0,(anonymous_2)
FNDA:0,(anonymous_3)
FNDA:0,(anonymous_4)
FNDA:0,(anonymous_5)
FNDA:0,(anonymous_6)
FNDA:0,(anonymous_7)
FNDA:0,(anonymous_8)
DA:3,3
DA:4,3
DA:5,3
DA:6,3
DA:7,3
DA:8,3
DA:9,3
DA:10,3
DA:11,3
DA:13,3
DA:19,3
DA:20,3
DA:23,3
DA:25,0
DA:28,0
DA:31,0
DA:34,0
DA:37,0
DA:41,0
DA:51,0
DA:52,0
DA:53,0
DA:63,0
DA:64,0
DA:65,0
DA:70,0
DA:73,0
DA:83,0
DA:90,0
DA:94,0
LF:30
LH:13
BRDA:37,0,0,0
BRDA:38,1,0,0
BRDA:38,1,1,0
BRF:3
BRH:0
end_of_record
TN:
SF:src/global.ts
FN:10,(anonymous_0)
FNF:1
FNH:1
FNDA:3,(anonymous_0)
DA:10,3
DA:11,3
LF:2
LH:2
BRF:0
BRH:0
end_of_record
TN:
SF:src/routes.ts
FN:11,registerRoutes
FNF:1
FNH:0
FNDA:0,registerRoutes
DA:2,3
DA:3,3
DA:4,3
DA:5,3
DA:11,3
DA:12,0
DA:16,0
DA:17,0
DA:19,0
LF:9
LH:5
BRF:0
BRH:0
end_of_record
TN:
SF:src/abstractions/ApiRenderEngine.ts
FNF:0
FNH:0
DA:2,3
LF:1
LH:1
BRF:0
BRH:0
end_of_record
TN:
SF:src/components/BaseApi.ts
FN:12,(anonymous_1)
FN:23,(anonymous_2)
FNF:2
FNH:0
FNDA:0,(anonymous_1)
FNDA:0,(anonymous_2)
DA:1,3
DA:2,3
DA:3,3
DA:4,3
DA:9,3
DA:13,0
DA:24,0
DA:25,0
DA:26,0
DA:30,0
DA:32,0
DA:33,0
DA:35,0
LF:13
LH:5
BRDA:23,0,0,0
BRDA:26,1,0,0
BRDA:27,2,0,0
BRDA:27,2,1,0
BRDA:32,3,0,0
BRF:5
BRH:0
end_of_record
TN:
SF:src/components/render-engine/render-engine.controller.ts
FN:6,(anonymous_0)
FN:11,(anonymous_1)
FNF:2
FNH:0
FNDA:0,(anonymous_0)
FNDA:0,(anonymous_1)
DA:1,3
DA:3,3
DA:7,0
DA:8,0
DA:12,0
DA:13,0
DA:14,0
DA:15,0
DA:16,0
DA:17,0
DA:18,0
DA:20,0
LF:12
LH:2
BRF:0
BRH:0
end_of_record
TN:
SF:src/components/signature/signature.controller.ts
FN:14,(anonymous_1)
FN:21,(anonymous_2)
FN:31,(anonymous_3)
FN:80,(anonymous_4)
FN:91,(anonymous_5)
FNF:5
FNH:0
FNDA:0,(anonymous_1)
FNDA:0,(anonymous_2)
FNDA:0,(anonymous_3)
FNDA:0,(anonymous_4)
FNDA:0,(anonymous_5)
DA:4,3
DA:5,3
DA:6,3
DA:7,3
DA:8,3
DA:10,3
DA:15,0
DA:22,0
DA:23,0
DA:25,0
DA:41,0
DA:44,0
DA:45,0
DA:46,0
DA:52,0
DA:53,0
DA:58,0
DA:59,0
DA:66,0
DA:67,0
DA:68,0
DA:71,0
DA:81,0
DA:92,0
DA:101,0
DA:102,0
DA:104,0
LF:27
LH:6
BRDA:45,0,0,0
BRDA:52,1,0,0
BRDA:52,1,1,0
BRDA:58,2,0,0
BRDA:66,3,0,0
BRF:5
BRH:0
end_of_record
TN:
SF:src/config/config.ts
FNF:0
FNH:0
DA:1,3
DA:2,3
DA:10,3
LF:3
LH:3
BRDA:3,0,0,3
BRDA:3,0,1,0
BRDA:4,1,0,3
BRDA:4,1,1,0
BRDA:5,2,0,3
BRDA:5,2,1,0
BRDA:6,3,0,3
BRDA:6,3,1,0
BRDA:10,4,0,3
BRDA:10,4,1,0
BRF:10
BRH:5
end_of_record
TN:
SF:src/database/database.ts
FN:12,(anonymous_1)
FN:21,(anonymous_2)
FN:26,(anonymous_3)
FNF:3
FNH:2
FNDA:3,(anonymous_1)
FNDA:3,(anonymous_2)
FNDA:0,(anonymous_3)
DA:4,3
DA:5,3
DA:7,3
DA:13,3
DA:14,0
DA:17,3
DA:18,3
DA:22,3
DA:23,3
DA:27,0
DA:28,0
DA:41,0
DA:43,0
LF:13
LH:8
BRDA:13,0,0,0
BRF:1
BRH:0
end_of_record
TN:
SF:src/environments/environment.constant.ts
FN:1,(anonymous_0)
FN:10,(anonymous_1)
FNF:2
FNH:2
FNDA:5,(anonymous_0)
FNDA:5,(anonymous_1)
DA:1,5
DA:2,5
DA:3,5
DA:4,5
DA:5,5
DA:6,5
DA:7,5
DA:10,5
DA:11,5
DA:12,5
DA:13,5
DA:14,5
DA:15,5
DA:16,5
DA:19,5
LF:15
LH:15
BRDA:1,0,0,5
BRDA:1,0,1,5
BRDA:10,1,0,5
BRDA:10,1,1,5
BRF:4
BRH:4
end_of_record
TN:
SF:src/environments/environment.ts
FN:21,(anonymous_6)
FN:34,(anonymous_7)
FN:42,(anonymous_8)
FN:72,(anonymous_9)
FN:80,(anonymous_10)
FN:91,(anonymous_11)
FN:99,(anonymous_12)
FNF:7
FNH:7
FNDA:15,(anonymous_6)
FNDA:14,(anonymous_7)
FNDA:19,(anonymous_8)
FNDA:1,(anonymous_9)
FNDA:3,(anonymous_10)
FNDA:1,(anonymous_11)
FNDA:1,(anonymous_12)
DA:1,5
DA:2,5
DA:3,5
DA:5,5
DA:22,15
DA:23,15
DA:24,15
DA:25,15
DA:26,15
DA:27,15
DA:35,14
DA:44,19
DA:45,19
DA:46,19
DA:48,1
DA:49,1
DA:51,13
DA:52,13
DA:54,1
DA:55,1
DA:57,2
DA:58,2
DA:60,2
DA:62,19
DA:63,2
DA:65,17
DA:73,1
DA:81,3
DA:92,1
DA:100,1
DA:104,5
LF:31
LH:31
BRDA:22,0,0,15
BRDA:22,0,1,8
BRDA:22,0,2,1
BRDA:24,1,0,15
BRDA:24,1,1,1
BRDA:44,2,0,19
BRDA:44,2,1,1
BRDA:46,3,0,1
BRDA:46,3,1,13
BRDA:46,3,2,1
BRDA:46,3,3,2
BRDA:46,3,4,2
BRDA:62,4,0,2
BRDA:82,5,0,3
BRDA:82,5,1,3
BRF:15
BRH:15
end_of_record
TN:
SF:src/lib/crypto.ts
FN:23,(anonymous_6)
FN:71,(anonymous_7)
FNF:2
FNH:2
FNDA:3,(anonymous_6)
FNDA:3,(anonymous_7)
DA:1,4
DA:3,4
DA:5,4
DA:11,4
DA:15,4
DA:18,4
DA:21,4
DA:25,3
DA:26,3
DA:29,3
DA:32,3
DA:45,3
DA:52,3
DA:57,3
DA:60,3
DA:63,3
DA:68,3
DA:73,3
DA:74,3
DA:78,3
DA:81,3
DA:90,3
DA:96,3
DA:99,3
DA:102,3
DA:105,3
DA:111,3
DA:115,3
DA:118,3
LF:29
LH:29
BRF:0
BRH:0
end_of_record
TN:
SF:src/lib/logger.ts
FNF:0
FNH:0
DA:1,3
DA:3,3
DA:5,3
DA:7,3
DA:8,0
DA:11,3
DA:19,3
LF:7
LH:6
BRDA:7,0,0,0
BRF:1
BRH:0
end_of_record
TN:
SF:src/middleware/auth-handler.ts
FN:6,(anonymous_1)
FNF:1
FNH:0
FNDA:0,(anonymous_1)
DA:3,3
DA:4,3
DA:6,3
DA:11,0
DA:13,0
DA:14,0
DA:19,0
DA:21,0
DA:22,0
DA:23,0
DA:24,0
DA:26,0
DA:33,3
LF:13
LH:4
BRDA:13,0,0,0
BRF:1
BRH:0
end_of_record
TN:
SF:src/middleware/error-handler.ts
FN:8,(anonymous_7)
FNF:1
FNH:1
FNDA:2,(anonymous_7)
DA:1,3
DA:3,3
DA:5,3
DA:6,3
DA:8,3
DA:14,2
DA:15,2
DA:16,2
DA:23,2
DA:32,2
DA:33,0
DA:35,2
DA:36,0
DA:38,2
DA:39,2
DA:41,2
DA:44,3
LF:17
LH:15
BRDA:14,0,0,2
BRDA:15,1,0,2
BRDA:15,1,1,1
BRDA:25,2,0,2
BRDA:25,2,1,2
BRDA:32,3,0,0
BRDA:32,4,0,2
BRDA:32,4,1,2
BRDA:35,5,0,0
BRDA:35,6,0,2
BRDA:35,6,1,2
BRF:11
BRH:9
end_of_record
TN:
SF:src/middleware/header-handler.ts
FN:3,(anonymous_0)
FNF:1
FNH:0
FNDA:0,(anonymous_0)
DA:3,3
DA:8,0
DA:9,0
DA:12,3
LF:4
LH:2
BRF:0
BRH:0
end_of_record
TN:
SF:src/models/MailSignature.ts
FN:4,(anonymous_1)
FNF:1
FNH:0
FNDA:0,(anonymous_1)
DA:1,3
DA:3,3
DA:14,0
DA:15,0
DA:16,0
DA:21,0
DA:23,0
DA:24,0
LF:8
LH:2
BRF:0
BRH:0
end_of_record
TN:
SF:src/templates/mail-templates.ts
FNF:0
FNH:0
DA:1,3
DA:30,3
DA:58,3
LF:3
LH:3
BRF:0
BRH:0
end_of_record
